<?xml version="1.0" encoding="UTF-8"?>
<!-- Generated by org.testng.reporters.JUnitReportReporter -->
<testsuite hostname="LAPTOP-CEPR6TFE" failures="0" tests="1" name="rahulshettyacademy.tests.JenkinsTest" time="6.988" errors="0" timestamp="22 Jul 2023 16:52:25 GMT" skipped="0">
  <testcase classname="rahulshettyacademy.tests.JenkinsTest" name="TitleTest" time="6.988"/>
</testsuite> <!-- rahulshettyacademy.tests.JenkinsTest -->
