<?xml version="1.0" encoding="UTF-8"?>
<!-- Generated by org.testng.reporters.JUnitReportReporter -->
<testsuite skipped="0" hostname="LAPTOP-CEPR6TFE" name="rahulshettyacademy.tests.JenkinsTest" tests="1" failures="0" timestamp="22 Jul 2023 16:53:36 GMT" time="8.918" errors="0">
  <testcase name="TitleTest" time="8.918" classname="rahulshettyacademy.tests.JenkinsTest"/>
</testsuite> <!-- rahulshettyacademy.tests.JenkinsTest -->
